<?xml version="1.0" encoding="UTF-8"?>
<!-- Generated by org.testng.reporters.JUnitXMLReporter -->
<testsuite ignored="1" hostname="LAPTOP-7NPMMCP5" failures="0" tests="2" name="Test" time="17.883" errors="0" timestamp="2023-04-08T22:26:09 IST">
  <testcase classname="testpkg.test_testclass" name="Verify_usercangotolenssection" time="0.1"/>
  <testcase classname="testpkg.test_testclass" name="aqualenscheck" time="6.259"/>
  <testcase classname="testpkg.test_testclass" name="Checkthedifferent_data" time="0.0">
    <ignored/>
  </testcase> <!-- Checkthedifferent_data -->
</testsuite> <!-- Test -->
