<?xml version="1.0" encoding="UTF-8"?>
<testng-results ignored="1" total="3" passed="2" failed="0" skipped="0">
  <reporter-output>
  </reporter-output>
  <suite started-at="2023-04-08T22:25:51 IST" name="Suite" finished-at="2023-04-08T22:26:09 IST" duration-ms="17883">
    <groups>
    </groups>
    <test started-at="2023-04-08T22:25:51 IST" name="Test" finished-at="2023-04-08T22:26:09 IST" duration-ms="17883">
      <class name="testpkg.test_testclass">
        <test-method is-config="true" signature="browserinitialization()[pri:0, instance:testpkg.test_testclass@59474f18]" started-at="2023-04-08T22:25:51 IST" name="browserinitialization" finished-at="2023-04-08T22:26:02 IST" duration-ms="11315" status="PASS">
          <reporter-output>
          </reporter-output>
        </test-method> <!-- browserinitialization -->
        <test-method is-config="true" signature="beforemethod()[pri:0, instance:testpkg.test_testclass@59474f18]" started-at="2023-04-08T22:26:02 IST" name="beforemethod" finished-at="2023-04-08T22:26:03 IST" duration-ms="125" status="PASS">
          <reporter-output>
          </reporter-output>
        </test-method> <!-- beforemethod -->
        <test-method signature="Verify_usercangotolenssection()[pri:1, instance:testpkg.test_testclass@59474f18]" started-at="2023-04-08T22:26:03 IST" name="Verify_usercangotolenssection" finished-at="2023-04-08T22:26:03 IST" duration-ms="100" status="PASS">
          <reporter-output>
          </reporter-output>
        </test-method> <!-- Verify_usercangotolenssection -->
        <test-method is-config="true" signature="aftermethod()[pri:0, instance:testpkg.test_testclass@59474f18]" started-at="2023-04-08T22:26:03 IST" name="aftermethod" finished-at="2023-04-08T22:26:03 IST" duration-ms="0" status="PASS">
          <reporter-output>
          </reporter-output>
        </test-method> <!-- aftermethod -->
        <test-method is-config="true" signature="beforemethod()[pri:0, instance:testpkg.test_testclass@59474f18]" started-at="2023-04-08T22:26:03 IST" name="beforemethod" finished-at="2023-04-08T22:26:03 IST" duration-ms="1" status="PASS">
          <reporter-output>
          </reporter-output>
        </test-method> <!-- beforemethod -->
        <test-method signature="aqualenscheck()[pri:2, instance:testpkg.test_testclass@59474f18]" started-at="2023-04-08T22:26:03 IST" name="aqualenscheck" finished-at="2023-04-08T22:26:09 IST" duration-ms="6259" status="PASS">
          <reporter-output>
          </reporter-output>
        </test-method> <!-- aqualenscheck -->
        <test-method is-config="true" signature="aftermethod()[pri:0, instance:testpkg.test_testclass@59474f18]" started-at="2023-04-08T22:26:09 IST" name="aftermethod" finished-at="2023-04-08T22:26:09 IST" duration-ms="3" status="PASS">
          <reporter-output>
          </reporter-output>
        </test-method> <!-- aftermethod -->
        <test-method is-config="true" signature="afterclass()[pri:0, instance:testpkg.test_testclass@59474f18]" started-at="2023-04-08T22:26:09 IST" name="afterclass" finished-at="2023-04-08T22:26:09 IST" duration-ms="9" status="PASS">
          <reporter-output>
          </reporter-output>
        </test-method> <!-- afterclass -->
      </class> <!-- testpkg.test_testclass -->
    </test> <!-- Test -->
  </suite> <!-- Suite -->
</testng-results>
